<?xml version="1.0" encoding="UTF-8"?>
<testng-results ignored="0" total="1" passed="1" failed="0" skipped="0">
  <reporter-output>
  </reporter-output>
  <suite started-at="2023-12-07T11:26:45 IST" name="Suite" finished-at="2023-12-07T11:27:13 IST" duration-ms="28510">
    <groups>
    </groups>
    <test started-at="2023-12-07T11:26:45 IST" name="Test" finished-at="2023-12-07T11:27:13 IST" duration-ms="28510">
      <class name="com.qa.testscript.Testcase_01">
        <test-method is-config="true" signature="startBrowser(java.lang.String)[pri:0, instance:com.qa.testscript.Testcase_01@5824a83d]" started-at="2023-12-07T11:26:45 IST" name="startBrowser" finished-at="2023-12-07T11:26:53 IST" duration-ms="8041" status="PASS">
          <params>
            <param index="0">
              <value>
                <![CDATA[Edge]]>
              </value>
            </param>
          </params>
          <reporter-output>
          </reporter-output>
        </test-method> <!-- startBrowser -->
        <test-method signature="case1()[pri:0, instance:com.qa.testscript.Testcase_01@5824a83d]" started-at="2023-12-07T11:26:53 IST" name="case1" finished-at="2023-12-07T11:27:12 IST" duration-ms="19654" status="PASS">
          <reporter-output>
          </reporter-output>
        </test-method> <!-- case1 -->
        <test-method is-config="true" signature="close()[pri:0, instance:com.qa.testscript.Testcase_01@5824a83d]" started-at="2023-12-07T11:27:12 IST" name="close" finished-at="2023-12-07T11:27:13 IST" duration-ms="770" status="PASS">
          <reporter-output>
          </reporter-output>
        </test-method> <!-- close -->
      </class> <!-- com.qa.testscript.Testcase_01 -->
    </test> <!-- Test -->
  </suite> <!-- Suite -->
</testng-results>
